{
  "stats": {
    "suites": 4,
    "tests": 22,
    "passes": 22,
    "pending": 0,
    "failures": 0,
    "testsRegistered": 22,
    "passPercent": 100,
    "pendingPercent": 0,
    "other": 0,
    "hasOther": false,
    "skipped": 0,
    "hasSkipped": false,
    "start": "2024-10-17T07:49:57.914Z",
    "end": "2024-10-17T07:52:37.899Z",
    "duration": 159985
  },
  "results": [
    {
      "uuid": "9ff5be7b-1e09-4829-a196-1d210489d3a8",
      "title": "",
      "fullFile": "cypress/e2e/features/carrinho.feature",
      "file": "cypress/e2e/features/carrinho.feature",
      "beforeHooks": [],
      "afterHooks": [],
      "tests": [],
      "suites": [
        {
          "uuid": "cd6e336d-ba1e-46c6-8549-015d8930c273",
          "title": "Carrinho",
          "fullFile": "",
          "file": "",
          "beforeHooks": [],
          "afterHooks": [],
          "tests": [
            {
              "title": "Inclusão ao carrinho por meio da página de busca de produtos",
              "fullTitle": "Carrinho Inclusão ao carrinho por meio da página de busca de produtos",
              "timedOut": null,
              "duration": 6865,
              "state": "passed",
              "speed": "medium",
              "pass": true,
              "fail": false,
              "pending": false,
              "context": null,
              "code": "const state = window.testState;\nreturn cy\n  .then(() => state.onStartScenario(scenario, indexedSteps))\n  .then(() =>\n    resolveAndRunBeforeHooks.call(this, scenario.tags, state.feature.name)\n  )\n  .then(() =>\n    indexedSteps.forEach((step) =>\n      stepTest.call(this, state, step, rowData)\n    )\n  )\n  .then(() => state.onFinishScenario(scenario));",
              "err": {},
              "uuid": "d7645432-b774-4388-a67c-a02e131af76e",
              "parentUUID": "cd6e336d-ba1e-46c6-8549-015d8930c273",
              "isHook": false,
              "skipped": false
            },
            {
              "title": "Inclusão ao carrinho de um segundo produto por meio da página de busca de produtos",
              "fullTitle": "Carrinho Inclusão ao carrinho de um segundo produto por meio da página de busca de produtos",
              "timedOut": null,
              "duration": 7100,
              "state": "passed",
              "speed": "medium",
              "pass": true,
              "fail": false,
              "pending": false,
              "context": null,
              "code": "const state = window.testState;\nreturn cy\n  .then(() => state.onStartScenario(scenario, indexedSteps))\n  .then(() =>\n    resolveAndRunBeforeHooks.call(this, scenario.tags, state.feature.name)\n  )\n  .then(() =>\n    indexedSteps.forEach((step) =>\n      stepTest.call(this, state, step, rowData)\n    )\n  )\n  .then(() => state.onFinishScenario(scenario));",
              "err": {},
              "uuid": "af9b596a-66e8-485f-b1fc-513aa97e117a",
              "parentUUID": "cd6e336d-ba1e-46c6-8549-015d8930c273",
              "isHook": false,
              "skipped": false
            },
            {
              "title": "Inclusão ao carrinho de quantidade específica de um produto por meio da página do produto",
              "fullTitle": "Carrinho Inclusão ao carrinho de quantidade específica de um produto por meio da página do produto",
              "timedOut": null,
              "duration": 7842,
              "state": "passed",
              "speed": "medium",
              "pass": true,
              "fail": false,
              "pending": false,
              "context": null,
              "code": "const state = window.testState;\nreturn cy\n  .then(() => state.onStartScenario(scenario, indexedSteps))\n  .then(() =>\n    resolveAndRunBeforeHooks.call(this, scenario.tags, state.feature.name)\n  )\n  .then(() =>\n    indexedSteps.forEach((step) =>\n      stepTest.call(this, state, step, rowData)\n    )\n  )\n  .then(() => state.onFinishScenario(scenario));",
              "err": {},
              "uuid": "ea672e33-80f9-40f4-9445-c2008a25685d",
              "parentUUID": "cd6e336d-ba1e-46c6-8549-015d8930c273",
              "isHook": false,
              "skipped": false
            },
            {
              "title": "Inclusão ao carrinho de quantidade específica de um segundo produto por meio da página do produto",
              "fullTitle": "Carrinho Inclusão ao carrinho de quantidade específica de um segundo produto por meio da página do produto",
              "timedOut": null,
              "duration": 11249,
              "state": "passed",
              "speed": "slow",
              "pass": true,
              "fail": false,
              "pending": false,
              "context": null,
              "code": "const state = window.testState;\nreturn cy\n  .then(() => state.onStartScenario(scenario, indexedSteps))\n  .then(() =>\n    resolveAndRunBeforeHooks.call(this, scenario.tags, state.feature.name)\n  )\n  .then(() =>\n    indexedSteps.forEach((step) =>\n      stepTest.call(this, state, step, rowData)\n    )\n  )\n  .then(() => state.onFinishScenario(scenario));",
              "err": {},
              "uuid": "1bd28ba9-9b84-4913-a287-0ebd658992ec",
              "parentUUID": "cd6e336d-ba1e-46c6-8549-015d8930c273",
              "isHook": false,
              "skipped": false
            }
          ],
          "suites": [],
          "passes": [
            "d7645432-b774-4388-a67c-a02e131af76e",
            "af9b596a-66e8-485f-b1fc-513aa97e117a",
            "ea672e33-80f9-40f4-9445-c2008a25685d",
            "1bd28ba9-9b84-4913-a287-0ebd658992ec"
          ],
          "failures": [],
          "pending": [],
          "skipped": [],
          "duration": 33056,
          "root": false,
          "rootEmpty": false,
          "_timeout": 2000
        }
      ],
      "passes": [],
      "failures": [],
      "pending": [],
      "skipped": [],
      "duration": 0,
      "root": true,
      "rootEmpty": true,
      "_timeout": 2000
    },
    {
      "uuid": "49bf6b40-d7ce-4579-b444-a9f85f36495b",
      "title": "",
      "fullFile": "cypress/e2e/features/login.feature",
      "file": "cypress/e2e/features/login.feature",
      "beforeHooks": [],
      "afterHooks": [],
      "tests": [],
      "suites": [
        {
          "uuid": "da4aa4fe-d89a-4cf0-992d-1f918e1f5798",
          "title": "Login",
          "fullFile": "",
          "file": "",
          "beforeHooks": [],
          "afterHooks": [],
          "tests": [
            {
              "title": "Login com campos vazios",
              "fullTitle": "Login Login com campos vazios",
              "timedOut": null,
              "duration": 1292,
              "state": "passed",
              "speed": "fast",
              "pass": true,
              "fail": false,
              "pending": false,
              "context": null,
              "code": "const state = window.testState;\nreturn cy\n  .then(() => state.onStartScenario(scenario, indexedSteps))\n  .then(() =>\n    resolveAndRunBeforeHooks.call(this, scenario.tags, state.feature.name)\n  )\n  .then(() =>\n    indexedSteps.forEach((step) =>\n      stepTest.call(this, state, step, rowData)\n    )\n  )\n  .then(() => state.onFinishScenario(scenario));",
              "err": {},
              "uuid": "e2a98f83-b3e2-409d-b0eb-7b729725e1a7",
              "parentUUID": "da4aa4fe-d89a-4cf0-992d-1f918e1f5798",
              "isHook": false,
              "skipped": false
            },
            {
              "title": "Login com campo \"Email Address\" vazio",
              "fullTitle": "Login Login com campo \"Email Address\" vazio",
              "timedOut": null,
              "duration": 1295,
              "state": "passed",
              "speed": "fast",
              "pass": true,
              "fail": false,
              "pending": false,
              "context": null,
              "code": "const state = window.testState;\nreturn cy\n  .then(() => state.onStartScenario(scenario, indexedSteps))\n  .then(() =>\n    resolveAndRunBeforeHooks.call(this, scenario.tags, state.feature.name)\n  )\n  .then(() =>\n    indexedSteps.forEach((step) =>\n      stepTest.call(this, state, step, rowData)\n    )\n  )\n  .then(() => state.onFinishScenario(scenario));",
              "err": {},
              "uuid": "2339ca30-7004-44b4-b6fa-aa68a553d61d",
              "parentUUID": "da4aa4fe-d89a-4cf0-992d-1f918e1f5798",
              "isHook": false,
              "skipped": false
            },
            {
              "title": "Login com campo \"Password\" vazio",
              "fullTitle": "Login Login com campo \"Password\" vazio",
              "timedOut": null,
              "duration": 847,
              "state": "passed",
              "speed": "fast",
              "pass": true,
              "fail": false,
              "pending": false,
              "context": null,
              "code": "const state = window.testState;\nreturn cy\n  .then(() => state.onStartScenario(scenario, indexedSteps))\n  .then(() =>\n    resolveAndRunBeforeHooks.call(this, scenario.tags, state.feature.name)\n  )\n  .then(() =>\n    indexedSteps.forEach((step) =>\n      stepTest.call(this, state, step, rowData)\n    )\n  )\n  .then(() => state.onFinishScenario(scenario));",
              "err": {},
              "uuid": "200c0330-4247-425f-b1f5-838e64854f89",
              "parentUUID": "da4aa4fe-d89a-4cf0-992d-1f918e1f5798",
              "isHook": false,
              "skipped": false
            },
            {
              "title": "Login com campo \"Email Address\" com endereço de formato inválido e \"Password\" vazio",
              "fullTitle": "Login Login com campo \"Email Address\" com endereço de formato inválido e \"Password\" vazio",
              "timedOut": null,
              "duration": 848,
              "state": "passed",
              "speed": "fast",
              "pass": true,
              "fail": false,
              "pending": false,
              "context": null,
              "code": "const state = window.testState;\nreturn cy\n  .then(() => state.onStartScenario(scenario, indexedSteps))\n  .then(() =>\n    resolveAndRunBeforeHooks.call(this, scenario.tags, state.feature.name)\n  )\n  .then(() =>\n    indexedSteps.forEach((step) =>\n      stepTest.call(this, state, step, rowData)\n    )\n  )\n  .then(() => state.onFinishScenario(scenario));",
              "err": {},
              "uuid": "03c3b1ac-0bfc-409a-bd40-4bfd77e44fc1",
              "parentUUID": "da4aa4fe-d89a-4cf0-992d-1f918e1f5798",
              "isHook": false,
              "skipped": false
            },
            {
              "title": "Login com campo \"Email Address\" com endereço de formato inválido e \"Password\" preenchido",
              "fullTitle": "Login Login com campo \"Email Address\" com endereço de formato inválido e \"Password\" preenchido",
              "timedOut": null,
              "duration": 880,
              "state": "passed",
              "speed": "fast",
              "pass": true,
              "fail": false,
              "pending": false,
              "context": null,
              "code": "const state = window.testState;\nreturn cy\n  .then(() => state.onStartScenario(scenario, indexedSteps))\n  .then(() =>\n    resolveAndRunBeforeHooks.call(this, scenario.tags, state.feature.name)\n  )\n  .then(() =>\n    indexedSteps.forEach((step) =>\n      stepTest.call(this, state, step, rowData)\n    )\n  )\n  .then(() => state.onFinishScenario(scenario));",
              "err": {},
              "uuid": "cfda741d-b747-4526-9f28-ecdebbb16da4",
              "parentUUID": "da4aa4fe-d89a-4cf0-992d-1f918e1f5798",
              "isHook": false,
              "skipped": false
            },
            {
              "title": "Login com campo \"Email Address\" preenchido com o e-mail correto de Lucas e \"Password\" vazio",
              "fullTitle": "Login Login com campo \"Email Address\" preenchido com o e-mail correto de Lucas e \"Password\" vazio",
              "timedOut": null,
              "duration": 993,
              "state": "passed",
              "speed": "fast",
              "pass": true,
              "fail": false,
              "pending": false,
              "context": null,
              "code": "const state = window.testState;\nreturn cy\n  .then(() => state.onStartScenario(scenario, indexedSteps))\n  .then(() =>\n    resolveAndRunBeforeHooks.call(this, scenario.tags, state.feature.name)\n  )\n  .then(() =>\n    indexedSteps.forEach((step) =>\n      stepTest.call(this, state, step, rowData)\n    )\n  )\n  .then(() => state.onFinishScenario(scenario));",
              "err": {},
              "uuid": "5a09fdc8-6903-4edb-ac27-69352d932116",
              "parentUUID": "da4aa4fe-d89a-4cf0-992d-1f918e1f5798",
              "isHook": false,
              "skipped": false
            },
            {
              "title": "Login com campo \"Email Address\" preenchido com o e-mail correto de Lucas e \"Password\" incorreta",
              "fullTitle": "Login Login com campo \"Email Address\" preenchido com o e-mail correto de Lucas e \"Password\" incorreta",
              "timedOut": null,
              "duration": 1436,
              "state": "passed",
              "speed": "fast",
              "pass": true,
              "fail": false,
              "pending": false,
              "context": null,
              "code": "const state = window.testState;\nreturn cy\n  .then(() => state.onStartScenario(scenario, indexedSteps))\n  .then(() =>\n    resolveAndRunBeforeHooks.call(this, scenario.tags, state.feature.name)\n  )\n  .then(() =>\n    indexedSteps.forEach((step) =>\n      stepTest.call(this, state, step, rowData)\n    )\n  )\n  .then(() => state.onFinishScenario(scenario));",
              "err": {},
              "uuid": "4fe1e51e-39b0-488d-bd49-3c9a98f6a4a9",
              "parentUUID": "da4aa4fe-d89a-4cf0-992d-1f918e1f5798",
              "isHook": false,
              "skipped": false
            },
            {
              "title": "Login com as credenciais corretas",
              "fullTitle": "Login Login com as credenciais corretas",
              "timedOut": null,
              "duration": 3767,
              "state": "passed",
              "speed": "fast",
              "pass": true,
              "fail": false,
              "pending": false,
              "context": null,
              "code": "const state = window.testState;\nreturn cy\n  .then(() => state.onStartScenario(scenario, indexedSteps))\n  .then(() =>\n    resolveAndRunBeforeHooks.call(this, scenario.tags, state.feature.name)\n  )\n  .then(() =>\n    indexedSteps.forEach((step) =>\n      stepTest.call(this, state, step, rowData)\n    )\n  )\n  .then(() => state.onFinishScenario(scenario));",
              "err": {},
              "uuid": "633352d7-6265-47a5-aced-53adce9a4732",
              "parentUUID": "da4aa4fe-d89a-4cf0-992d-1f918e1f5798",
              "isHook": false,
              "skipped": false
            }
          ],
          "suites": [],
          "passes": [
            "e2a98f83-b3e2-409d-b0eb-7b729725e1a7",
            "2339ca30-7004-44b4-b6fa-aa68a553d61d",
            "200c0330-4247-425f-b1f5-838e64854f89",
            "03c3b1ac-0bfc-409a-bd40-4bfd77e44fc1",
            "cfda741d-b747-4526-9f28-ecdebbb16da4",
            "5a09fdc8-6903-4edb-ac27-69352d932116",
            "4fe1e51e-39b0-488d-bd49-3c9a98f6a4a9",
            "633352d7-6265-47a5-aced-53adce9a4732"
          ],
          "failures": [],
          "pending": [],
          "skipped": [],
          "duration": 11358,
          "root": false,
          "rootEmpty": false,
          "_timeout": 2000
        }
      ],
      "passes": [],
      "failures": [],
      "pending": [],
      "skipped": [],
      "duration": 0,
      "root": true,
      "rootEmpty": true,
      "_timeout": 2000
    },
    {
      "uuid": "f81338e6-b243-4fc3-ba36-cf11d152a0a5",
      "title": "",
      "fullFile": "cypress/e2e/features/validacao.feature",
      "file": "cypress/e2e/features/validacao.feature",
      "beforeHooks": [],
      "afterHooks": [],
      "tests": [],
      "suites": [
        {
          "uuid": "687c95f3-1b4c-405f-97b1-d52a48ef2915",
          "title": "Validação",
          "fullFile": "",
          "file": "",
          "beforeHooks": [],
          "afterHooks": [],
          "tests": [
            {
              "title": "Sem inclusão de produto ao carrinho",
              "fullTitle": "Validação Sem inclusão de produto ao carrinho",
              "timedOut": null,
              "duration": 8379,
              "state": "passed",
              "speed": "medium",
              "pass": true,
              "fail": false,
              "pending": false,
              "context": null,
              "code": "const state = window.testState;\nreturn cy\n  .then(() => state.onStartScenario(scenario, indexedSteps))\n  .then(() =>\n    resolveAndRunBeforeHooks.call(this, scenario.tags, state.feature.name)\n  )\n  .then(() =>\n    indexedSteps.forEach((step) =>\n      stepTest.call(this, state, step, rowData)\n    )\n  )\n  .then(() => state.onFinishScenario(scenario));",
              "err": {},
              "uuid": "7137d935-b2e9-4b7f-9a79-2126800aa4ff",
              "parentUUID": "687c95f3-1b4c-405f-97b1-d52a48ef2915",
              "isHook": false,
              "skipped": false
            },
            {
              "title": "Inclusão ao carrinho de um produto por meio da página de busca de produtos",
              "fullTitle": "Validação Inclusão ao carrinho de um produto por meio da página de busca de produtos",
              "timedOut": null,
              "duration": 13083,
              "state": "passed",
              "speed": "slow",
              "pass": true,
              "fail": false,
              "pending": false,
              "context": null,
              "code": "const state = window.testState;\nreturn cy\n  .then(() => state.onStartScenario(scenario, indexedSteps))\n  .then(() =>\n    resolveAndRunBeforeHooks.call(this, scenario.tags, state.feature.name)\n  )\n  .then(() =>\n    indexedSteps.forEach((step) =>\n      stepTest.call(this, state, step, rowData)\n    )\n  )\n  .then(() => state.onFinishScenario(scenario));",
              "err": {},
              "uuid": "ea6ece69-c5e7-4d7d-b852-569c5bfbd8e0",
              "parentUUID": "687c95f3-1b4c-405f-97b1-d52a48ef2915",
              "isHook": false,
              "skipped": false
            },
            {
              "title": "Inclusão ao carrinho de mais de um produto por meio da página de busca de produtos",
              "fullTitle": "Validação Inclusão ao carrinho de mais de um produto por meio da página de busca de produtos",
              "timedOut": null,
              "duration": 9806,
              "state": "passed",
              "speed": "medium",
              "pass": true,
              "fail": false,
              "pending": false,
              "context": null,
              "code": "const state = window.testState;\nreturn cy\n  .then(() => state.onStartScenario(scenario, indexedSteps))\n  .then(() =>\n    resolveAndRunBeforeHooks.call(this, scenario.tags, state.feature.name)\n  )\n  .then(() =>\n    indexedSteps.forEach((step) =>\n      stepTest.call(this, state, step, rowData)\n    )\n  )\n  .then(() => state.onFinishScenario(scenario));",
              "err": {},
              "uuid": "e61ed833-a5e3-4cba-bde2-f6a91eaf867d",
              "parentUUID": "687c95f3-1b4c-405f-97b1-d52a48ef2915",
              "isHook": false,
              "skipped": false
            },
            {
              "title": "Inclusão ao carrinho de quantidade específica de um produto por meio da página do produto",
              "fullTitle": "Validação Inclusão ao carrinho de quantidade específica de um produto por meio da página do produto",
              "timedOut": null,
              "duration": 11376,
              "state": "passed",
              "speed": "slow",
              "pass": true,
              "fail": false,
              "pending": false,
              "context": null,
              "code": "const state = window.testState;\nreturn cy\n  .then(() => state.onStartScenario(scenario, indexedSteps))\n  .then(() =>\n    resolveAndRunBeforeHooks.call(this, scenario.tags, state.feature.name)\n  )\n  .then(() =>\n    indexedSteps.forEach((step) =>\n      stepTest.call(this, state, step, rowData)\n    )\n  )\n  .then(() => state.onFinishScenario(scenario));",
              "err": {},
              "uuid": "2dec6bd2-faee-4798-918f-4a866b34dd5a",
              "parentUUID": "687c95f3-1b4c-405f-97b1-d52a48ef2915",
              "isHook": false,
              "skipped": false
            },
            {
              "title": "Inclusão ao carrinho de quantidade específica de um segundo produto por meio da página do produto",
              "fullTitle": "Validação Inclusão ao carrinho de quantidade específica de um segundo produto por meio da página do produto",
              "timedOut": null,
              "duration": 15595,
              "state": "passed",
              "speed": "slow",
              "pass": true,
              "fail": false,
              "pending": false,
              "context": null,
              "code": "const state = window.testState;\nreturn cy\n  .then(() => state.onStartScenario(scenario, indexedSteps))\n  .then(() =>\n    resolveAndRunBeforeHooks.call(this, scenario.tags, state.feature.name)\n  )\n  .then(() =>\n    indexedSteps.forEach((step) =>\n      stepTest.call(this, state, step, rowData)\n    )\n  )\n  .then(() => state.onFinishScenario(scenario));",
              "err": {},
              "uuid": "ec288be2-c2b5-4b0f-ba17-d6b00cea9f38",
              "parentUUID": "687c95f3-1b4c-405f-97b1-d52a48ef2915",
              "isHook": false,
              "skipped": false
            }
          ],
          "suites": [],
          "passes": [
            "7137d935-b2e9-4b7f-9a79-2126800aa4ff",
            "ea6ece69-c5e7-4d7d-b852-569c5bfbd8e0",
            "e61ed833-a5e3-4cba-bde2-f6a91eaf867d",
            "2dec6bd2-faee-4798-918f-4a866b34dd5a",
            "ec288be2-c2b5-4b0f-ba17-d6b00cea9f38"
          ],
          "failures": [],
          "pending": [],
          "skipped": [],
          "duration": 58239,
          "root": false,
          "rootEmpty": false,
          "_timeout": 2000
        }
      ],
      "passes": [],
      "failures": [],
      "pending": [],
      "skipped": [],
      "duration": 0,
      "root": true,
      "rootEmpty": true,
      "_timeout": 2000
    },
    {
      "uuid": "2d83dafc-6917-49cb-8e03-e7fd94f0c6b5",
      "title": "",
      "fullFile": "cypress/e2e/features/busca.feature",
      "file": "cypress/e2e/features/busca.feature",
      "beforeHooks": [],
      "afterHooks": [],
      "tests": [],
      "suites": [
        {
          "uuid": "84368463-7deb-40d5-b6db-88a944b63bc3",
          "title": "Busca",
          "fullFile": "",
          "file": "",
          "beforeHooks": [],
          "afterHooks": [],
          "tests": [
            {
              "title": "Acesso à página de produtos, onde se encontra a ferramenta de busca",
              "fullTitle": "Busca Acesso à página de produtos, onde se encontra a ferramenta de busca",
              "timedOut": null,
              "duration": 9174,
              "state": "passed",
              "speed": "medium",
              "pass": true,
              "fail": false,
              "pending": false,
              "context": null,
              "code": "const state = window.testState;\nreturn cy\n  .then(() => state.onStartScenario(scenario, indexedSteps))\n  .then(() =>\n    resolveAndRunBeforeHooks.call(this, scenario.tags, state.feature.name)\n  )\n  .then(() =>\n    indexedSteps.forEach((step) =>\n      stepTest.call(this, state, step, rowData)\n    )\n  )\n  .then(() => state.onFinishScenario(scenario));",
              "err": {},
              "uuid": "d57c2a47-7ec2-43e2-ae1a-4da2b6104b0d",
              "parentUUID": "84368463-7deb-40d5-b6db-88a944b63bc3",
              "isHook": false,
              "skipped": false
            },
            {
              "title": "Busca com campo vazio",
              "fullTitle": "Busca Busca com campo vazio",
              "timedOut": null,
              "duration": 8704,
              "state": "passed",
              "speed": "medium",
              "pass": true,
              "fail": false,
              "pending": false,
              "context": null,
              "code": "const state = window.testState;\nreturn cy\n  .then(() => state.onStartScenario(scenario, indexedSteps))\n  .then(() =>\n    resolveAndRunBeforeHooks.call(this, scenario.tags, state.feature.name)\n  )\n  .then(() =>\n    indexedSteps.forEach((step) =>\n      stepTest.call(this, state, step, rowData)\n    )\n  )\n  .then(() => state.onFinishScenario(scenario));",
              "err": {},
              "uuid": "969afe52-b6de-4056-9f8e-4c55f9dd9dcb",
              "parentUUID": "84368463-7deb-40d5-b6db-88a944b63bc3",
              "isHook": false,
              "skipped": false
            },
            {
              "title": "Busca por palavra que nenhum produto contém em seu nome ou palavras chaves",
              "fullTitle": "Busca Busca por palavra que nenhum produto contém em seu nome ou palavras chaves",
              "timedOut": null,
              "duration": 7165,
              "state": "passed",
              "speed": "medium",
              "pass": true,
              "fail": false,
              "pending": false,
              "context": null,
              "code": "const state = window.testState;\nreturn cy\n  .then(() => state.onStartScenario(scenario, indexedSteps))\n  .then(() =>\n    resolveAndRunBeforeHooks.call(this, scenario.tags, state.feature.name)\n  )\n  .then(() =>\n    indexedSteps.forEach((step) =>\n      stepTest.call(this, state, step, rowData)\n    )\n  )\n  .then(() => state.onFinishScenario(scenario));",
              "err": {},
              "uuid": "7a897503-c8a3-4b35-adef-3e6d8eb72470",
              "parentUUID": "84368463-7deb-40d5-b6db-88a944b63bc3",
              "isHook": false,
              "skipped": false
            },
            {
              "title": "Busca por palavra que apenas um produto contém em seu nome ou palavras chaves",
              "fullTitle": "Busca Busca por palavra que apenas um produto contém em seu nome ou palavras chaves",
              "timedOut": null,
              "duration": 8180,
              "state": "passed",
              "speed": "medium",
              "pass": true,
              "fail": false,
              "pending": false,
              "context": null,
              "code": "const state = window.testState;\nreturn cy\n  .then(() => state.onStartScenario(scenario, indexedSteps))\n  .then(() =>\n    resolveAndRunBeforeHooks.call(this, scenario.tags, state.feature.name)\n  )\n  .then(() =>\n    indexedSteps.forEach((step) =>\n      stepTest.call(this, state, step, rowData)\n    )\n  )\n  .then(() => state.onFinishScenario(scenario));",
              "err": {},
              "uuid": "d1f53652-c12a-4083-88a1-409b83b3fd20",
              "parentUUID": "84368463-7deb-40d5-b6db-88a944b63bc3",
              "isHook": false,
              "skipped": false
            },
            {
              "title": "Busca por palavra que mais de um produto contêm em seu nome ou palavras chaves",
              "fullTitle": "Busca Busca por palavra que mais de um produto contêm em seu nome ou palavras chaves",
              "timedOut": null,
              "duration": 8698,
              "state": "passed",
              "speed": "medium",
              "pass": true,
              "fail": false,
              "pending": false,
              "context": null,
              "code": "const state = window.testState;\nreturn cy\n  .then(() => state.onStartScenario(scenario, indexedSteps))\n  .then(() =>\n    resolveAndRunBeforeHooks.call(this, scenario.tags, state.feature.name)\n  )\n  .then(() =>\n    indexedSteps.forEach((step) =>\n      stepTest.call(this, state, step, rowData)\n    )\n  )\n  .then(() => state.onFinishScenario(scenario));",
              "err": {},
              "uuid": "79843b26-884d-46b4-9f38-5405ceb66373",
              "parentUUID": "84368463-7deb-40d5-b6db-88a944b63bc3",
              "isHook": false,
              "skipped": false
            }
          ],
          "suites": [],
          "passes": [
            "d57c2a47-7ec2-43e2-ae1a-4da2b6104b0d",
            "969afe52-b6de-4056-9f8e-4c55f9dd9dcb",
            "7a897503-c8a3-4b35-adef-3e6d8eb72470",
            "d1f53652-c12a-4083-88a1-409b83b3fd20",
            "79843b26-884d-46b4-9f38-5405ceb66373"
          ],
          "failures": [],
          "pending": [],
          "skipped": [],
          "duration": 41921,
          "root": false,
          "rootEmpty": false,
          "_timeout": 2000
        }
      ],
      "passes": [],
      "failures": [],
      "pending": [],
      "skipped": [],
      "duration": 0,
      "root": true,
      "rootEmpty": true,
      "_timeout": 2000
    }
  ],
  "meta": {
    "mocha": {
      "version": "7.0.1"
    },
    "mochawesome": {
      "options": {
        "quiet": false,
        "reportFilename": "mochawesome",
        "saveHtml": false,
        "saveJson": true,
        "consoleReporter": "spec",
        "useInlineDiffs": false,
        "code": true
      },
      "version": "7.1.3"
    },
    "marge": {
      "options": {
        "reportDir": "cypress/results",
        "overwrite": false,
        "html": false,
        "json": true
      },
      "version": "6.2.0"
    }
  }
}