{
  "stats": {
    "suites": 1,
    "tests": 8,
    "passes": 8,
    "pending": 0,
    "failures": 0,
    "start": "2024-10-17T07:51:22.000Z",
    "end": "2024-10-17T07:51:35.224Z",
    "duration": 13224,
    "testsRegistered": 8,
    "passPercent": 100,
    "pendingPercent": 0,
    "other": 0,
    "hasOther": false,
    "skipped": 0,
    "hasSkipped": false
  },
  "results": [
    {
      "uuid": "49bf6b40-d7ce-4579-b444-a9f85f36495b",
      "title": "",
      "fullFile": "cypress/e2e/features/login.feature",
      "file": "cypress/e2e/features/login.feature",
      "beforeHooks": [],
      "afterHooks": [],
      "tests": [],
      "suites": [
        {
          "uuid": "da4aa4fe-d89a-4cf0-992d-1f918e1f5798",
          "title": "Login",
          "fullFile": "",
          "file": "",
          "beforeHooks": [],
          "afterHooks": [],
          "tests": [
            {
              "title": "Login com campos vazios",
              "fullTitle": "Login Login com campos vazios",
              "timedOut": null,
              "duration": 1292,
              "state": "passed",
              "speed": "fast",
              "pass": true,
              "fail": false,
              "pending": false,
              "context": null,
              "code": "const state = window.testState;\nreturn cy\n  .then(() => state.onStartScenario(scenario, indexedSteps))\n  .then(() =>\n    resolveAndRunBeforeHooks.call(this, scenario.tags, state.feature.name)\n  )\n  .then(() =>\n    indexedSteps.forEach((step) =>\n      stepTest.call(this, state, step, rowData)\n    )\n  )\n  .then(() => state.onFinishScenario(scenario));",
              "err": {},
              "uuid": "e2a98f83-b3e2-409d-b0eb-7b729725e1a7",
              "parentUUID": "da4aa4fe-d89a-4cf0-992d-1f918e1f5798",
              "isHook": false,
              "skipped": false
            },
            {
              "title": "Login com campo \"Email Address\" vazio",
              "fullTitle": "Login Login com campo \"Email Address\" vazio",
              "timedOut": null,
              "duration": 1295,
              "state": "passed",
              "speed": "fast",
              "pass": true,
              "fail": false,
              "pending": false,
              "context": null,
              "code": "const state = window.testState;\nreturn cy\n  .then(() => state.onStartScenario(scenario, indexedSteps))\n  .then(() =>\n    resolveAndRunBeforeHooks.call(this, scenario.tags, state.feature.name)\n  )\n  .then(() =>\n    indexedSteps.forEach((step) =>\n      stepTest.call(this, state, step, rowData)\n    )\n  )\n  .then(() => state.onFinishScenario(scenario));",
              "err": {},
              "uuid": "2339ca30-7004-44b4-b6fa-aa68a553d61d",
              "parentUUID": "da4aa4fe-d89a-4cf0-992d-1f918e1f5798",
              "isHook": false,
              "skipped": false
            },
            {
              "title": "Login com campo \"Password\" vazio",
              "fullTitle": "Login Login com campo \"Password\" vazio",
              "timedOut": null,
              "duration": 847,
              "state": "passed",
              "speed": "fast",
              "pass": true,
              "fail": false,
              "pending": false,
              "context": null,
              "code": "const state = window.testState;\nreturn cy\n  .then(() => state.onStartScenario(scenario, indexedSteps))\n  .then(() =>\n    resolveAndRunBeforeHooks.call(this, scenario.tags, state.feature.name)\n  )\n  .then(() =>\n    indexedSteps.forEach((step) =>\n      stepTest.call(this, state, step, rowData)\n    )\n  )\n  .then(() => state.onFinishScenario(scenario));",
              "err": {},
              "uuid": "200c0330-4247-425f-b1f5-838e64854f89",
              "parentUUID": "da4aa4fe-d89a-4cf0-992d-1f918e1f5798",
              "isHook": false,
              "skipped": false
            },
            {
              "title": "Login com campo \"Email Address\" com endereço de formato inválido e \"Password\" vazio",
              "fullTitle": "Login Login com campo \"Email Address\" com endereço de formato inválido e \"Password\" vazio",
              "timedOut": null,
              "duration": 848,
              "state": "passed",
              "speed": "fast",
              "pass": true,
              "fail": false,
              "pending": false,
              "context": null,
              "code": "const state = window.testState;\nreturn cy\n  .then(() => state.onStartScenario(scenario, indexedSteps))\n  .then(() =>\n    resolveAndRunBeforeHooks.call(this, scenario.tags, state.feature.name)\n  )\n  .then(() =>\n    indexedSteps.forEach((step) =>\n      stepTest.call(this, state, step, rowData)\n    )\n  )\n  .then(() => state.onFinishScenario(scenario));",
              "err": {},
              "uuid": "03c3b1ac-0bfc-409a-bd40-4bfd77e44fc1",
              "parentUUID": "da4aa4fe-d89a-4cf0-992d-1f918e1f5798",
              "isHook": false,
              "skipped": false
            },
            {
              "title": "Login com campo \"Email Address\" com endereço de formato inválido e \"Password\" preenchido",
              "fullTitle": "Login Login com campo \"Email Address\" com endereço de formato inválido e \"Password\" preenchido",
              "timedOut": null,
              "duration": 880,
              "state": "passed",
              "speed": "fast",
              "pass": true,
              "fail": false,
              "pending": false,
              "context": null,
              "code": "const state = window.testState;\nreturn cy\n  .then(() => state.onStartScenario(scenario, indexedSteps))\n  .then(() =>\n    resolveAndRunBeforeHooks.call(this, scenario.tags, state.feature.name)\n  )\n  .then(() =>\n    indexedSteps.forEach((step) =>\n      stepTest.call(this, state, step, rowData)\n    )\n  )\n  .then(() => state.onFinishScenario(scenario));",
              "err": {},
              "uuid": "cfda741d-b747-4526-9f28-ecdebbb16da4",
              "parentUUID": "da4aa4fe-d89a-4cf0-992d-1f918e1f5798",
              "isHook": false,
              "skipped": false
            },
            {
              "title": "Login com campo \"Email Address\" preenchido com o e-mail correto de Lucas e \"Password\" vazio",
              "fullTitle": "Login Login com campo \"Email Address\" preenchido com o e-mail correto de Lucas e \"Password\" vazio",
              "timedOut": null,
              "duration": 993,
              "state": "passed",
              "speed": "fast",
              "pass": true,
              "fail": false,
              "pending": false,
              "context": null,
              "code": "const state = window.testState;\nreturn cy\n  .then(() => state.onStartScenario(scenario, indexedSteps))\n  .then(() =>\n    resolveAndRunBeforeHooks.call(this, scenario.tags, state.feature.name)\n  )\n  .then(() =>\n    indexedSteps.forEach((step) =>\n      stepTest.call(this, state, step, rowData)\n    )\n  )\n  .then(() => state.onFinishScenario(scenario));",
              "err": {},
              "uuid": "5a09fdc8-6903-4edb-ac27-69352d932116",
              "parentUUID": "da4aa4fe-d89a-4cf0-992d-1f918e1f5798",
              "isHook": false,
              "skipped": false
            },
            {
              "title": "Login com campo \"Email Address\" preenchido com o e-mail correto de Lucas e \"Password\" incorreta",
              "fullTitle": "Login Login com campo \"Email Address\" preenchido com o e-mail correto de Lucas e \"Password\" incorreta",
              "timedOut": null,
              "duration": 1436,
              "state": "passed",
              "speed": "fast",
              "pass": true,
              "fail": false,
              "pending": false,
              "context": null,
              "code": "const state = window.testState;\nreturn cy\n  .then(() => state.onStartScenario(scenario, indexedSteps))\n  .then(() =>\n    resolveAndRunBeforeHooks.call(this, scenario.tags, state.feature.name)\n  )\n  .then(() =>\n    indexedSteps.forEach((step) =>\n      stepTest.call(this, state, step, rowData)\n    )\n  )\n  .then(() => state.onFinishScenario(scenario));",
              "err": {},
              "uuid": "4fe1e51e-39b0-488d-bd49-3c9a98f6a4a9",
              "parentUUID": "da4aa4fe-d89a-4cf0-992d-1f918e1f5798",
              "isHook": false,
              "skipped": false
            },
            {
              "title": "Login com as credenciais corretas",
              "fullTitle": "Login Login com as credenciais corretas",
              "timedOut": null,
              "duration": 3767,
              "state": "passed",
              "speed": "fast",
              "pass": true,
              "fail": false,
              "pending": false,
              "context": null,
              "code": "const state = window.testState;\nreturn cy\n  .then(() => state.onStartScenario(scenario, indexedSteps))\n  .then(() =>\n    resolveAndRunBeforeHooks.call(this, scenario.tags, state.feature.name)\n  )\n  .then(() =>\n    indexedSteps.forEach((step) =>\n      stepTest.call(this, state, step, rowData)\n    )\n  )\n  .then(() => state.onFinishScenario(scenario));",
              "err": {},
              "uuid": "633352d7-6265-47a5-aced-53adce9a4732",
              "parentUUID": "da4aa4fe-d89a-4cf0-992d-1f918e1f5798",
              "isHook": false,
              "skipped": false
            }
          ],
          "suites": [],
          "passes": [
            "e2a98f83-b3e2-409d-b0eb-7b729725e1a7",
            "2339ca30-7004-44b4-b6fa-aa68a553d61d",
            "200c0330-4247-425f-b1f5-838e64854f89",
            "03c3b1ac-0bfc-409a-bd40-4bfd77e44fc1",
            "cfda741d-b747-4526-9f28-ecdebbb16da4",
            "5a09fdc8-6903-4edb-ac27-69352d932116",
            "4fe1e51e-39b0-488d-bd49-3c9a98f6a4a9",
            "633352d7-6265-47a5-aced-53adce9a4732"
          ],
          "failures": [],
          "pending": [],
          "skipped": [],
          "duration": 11358,
          "root": false,
          "rootEmpty": false,
          "_timeout": 2000
        }
      ],
      "passes": [],
      "failures": [],
      "pending": [],
      "skipped": [],
      "duration": 0,
      "root": true,
      "rootEmpty": true,
      "_timeout": 2000
    }
  ],
  "meta": {
    "mocha": {
      "version": "7.0.1"
    },
    "mochawesome": {
      "options": {
        "quiet": false,
        "reportFilename": "mochawesome",
        "saveHtml": false,
        "saveJson": true,
        "consoleReporter": "spec",
        "useInlineDiffs": false,
        "code": true
      },
      "version": "7.1.3"
    },
    "marge": {
      "options": {
        "reportDir": "cypress/results",
        "overwrite": false,
        "html": false,
        "json": true
      },
      "version": "6.2.0"
    }
  }
}