{
  "stats": {
    "suites": 1,
    "tests": 4,
    "passes": 4,
    "pending": 0,
    "failures": 0,
    "start": "2024-10-17T07:50:44.733Z",
    "end": "2024-10-17T07:51:19.587Z",
    "duration": 34854,
    "testsRegistered": 4,
    "passPercent": 100,
    "pendingPercent": 0,
    "other": 0,
    "hasOther": false,
    "skipped": 0,
    "hasSkipped": false
  },
  "results": [
    {
      "uuid": "9ff5be7b-1e09-4829-a196-1d210489d3a8",
      "title": "",
      "fullFile": "cypress/e2e/features/carrinho.feature",
      "file": "cypress/e2e/features/carrinho.feature",
      "beforeHooks": [],
      "afterHooks": [],
      "tests": [],
      "suites": [
        {
          "uuid": "cd6e336d-ba1e-46c6-8549-015d8930c273",
          "title": "Carrinho",
          "fullFile": "",
          "file": "",
          "beforeHooks": [],
          "afterHooks": [],
          "tests": [
            {
              "title": "Inclusão ao carrinho por meio da página de busca de produtos",
              "fullTitle": "Carrinho Inclusão ao carrinho por meio da página de busca de produtos",
              "timedOut": null,
              "duration": 6865,
              "state": "passed",
              "speed": "medium",
              "pass": true,
              "fail": false,
              "pending": false,
              "context": null,
              "code": "const state = window.testState;\nreturn cy\n  .then(() => state.onStartScenario(scenario, indexedSteps))\n  .then(() =>\n    resolveAndRunBeforeHooks.call(this, scenario.tags, state.feature.name)\n  )\n  .then(() =>\n    indexedSteps.forEach((step) =>\n      stepTest.call(this, state, step, rowData)\n    )\n  )\n  .then(() => state.onFinishScenario(scenario));",
              "err": {},
              "uuid": "d7645432-b774-4388-a67c-a02e131af76e",
              "parentUUID": "cd6e336d-ba1e-46c6-8549-015d8930c273",
              "isHook": false,
              "skipped": false
            },
            {
              "title": "Inclusão ao carrinho de um segundo produto por meio da página de busca de produtos",
              "fullTitle": "Carrinho Inclusão ao carrinho de um segundo produto por meio da página de busca de produtos",
              "timedOut": null,
              "duration": 7100,
              "state": "passed",
              "speed": "medium",
              "pass": true,
              "fail": false,
              "pending": false,
              "context": null,
              "code": "const state = window.testState;\nreturn cy\n  .then(() => state.onStartScenario(scenario, indexedSteps))\n  .then(() =>\n    resolveAndRunBeforeHooks.call(this, scenario.tags, state.feature.name)\n  )\n  .then(() =>\n    indexedSteps.forEach((step) =>\n      stepTest.call(this, state, step, rowData)\n    )\n  )\n  .then(() => state.onFinishScenario(scenario));",
              "err": {},
              "uuid": "af9b596a-66e8-485f-b1fc-513aa97e117a",
              "parentUUID": "cd6e336d-ba1e-46c6-8549-015d8930c273",
              "isHook": false,
              "skipped": false
            },
            {
              "title": "Inclusão ao carrinho de quantidade específica de um produto por meio da página do produto",
              "fullTitle": "Carrinho Inclusão ao carrinho de quantidade específica de um produto por meio da página do produto",
              "timedOut": null,
              "duration": 7842,
              "state": "passed",
              "speed": "medium",
              "pass": true,
              "fail": false,
              "pending": false,
              "context": null,
              "code": "const state = window.testState;\nreturn cy\n  .then(() => state.onStartScenario(scenario, indexedSteps))\n  .then(() =>\n    resolveAndRunBeforeHooks.call(this, scenario.tags, state.feature.name)\n  )\n  .then(() =>\n    indexedSteps.forEach((step) =>\n      stepTest.call(this, state, step, rowData)\n    )\n  )\n  .then(() => state.onFinishScenario(scenario));",
              "err": {},
              "uuid": "ea672e33-80f9-40f4-9445-c2008a25685d",
              "parentUUID": "cd6e336d-ba1e-46c6-8549-015d8930c273",
              "isHook": false,
              "skipped": false
            },
            {
              "title": "Inclusão ao carrinho de quantidade específica de um segundo produto por meio da página do produto",
              "fullTitle": "Carrinho Inclusão ao carrinho de quantidade específica de um segundo produto por meio da página do produto",
              "timedOut": null,
              "duration": 11249,
              "state": "passed",
              "speed": "slow",
              "pass": true,
              "fail": false,
              "pending": false,
              "context": null,
              "code": "const state = window.testState;\nreturn cy\n  .then(() => state.onStartScenario(scenario, indexedSteps))\n  .then(() =>\n    resolveAndRunBeforeHooks.call(this, scenario.tags, state.feature.name)\n  )\n  .then(() =>\n    indexedSteps.forEach((step) =>\n      stepTest.call(this, state, step, rowData)\n    )\n  )\n  .then(() => state.onFinishScenario(scenario));",
              "err": {},
              "uuid": "1bd28ba9-9b84-4913-a287-0ebd658992ec",
              "parentUUID": "cd6e336d-ba1e-46c6-8549-015d8930c273",
              "isHook": false,
              "skipped": false
            }
          ],
          "suites": [],
          "passes": [
            "d7645432-b774-4388-a67c-a02e131af76e",
            "af9b596a-66e8-485f-b1fc-513aa97e117a",
            "ea672e33-80f9-40f4-9445-c2008a25685d",
            "1bd28ba9-9b84-4913-a287-0ebd658992ec"
          ],
          "failures": [],
          "pending": [],
          "skipped": [],
          "duration": 33056,
          "root": false,
          "rootEmpty": false,
          "_timeout": 2000
        }
      ],
      "passes": [],
      "failures": [],
      "pending": [],
      "skipped": [],
      "duration": 0,
      "root": true,
      "rootEmpty": true,
      "_timeout": 2000
    }
  ],
  "meta": {
    "mocha": {
      "version": "7.0.1"
    },
    "mochawesome": {
      "options": {
        "quiet": false,
        "reportFilename": "mochawesome",
        "saveHtml": false,
        "saveJson": true,
        "consoleReporter": "spec",
        "useInlineDiffs": false,
        "code": true
      },
      "version": "7.1.3"
    },
    "marge": {
      "options": {
        "reportDir": "cypress/results",
        "overwrite": false,
        "html": false,
        "json": true
      },
      "version": "6.2.0"
    }
  }
}